[debug] [2021-12-03T13:06:49.252Z] ----------------------------------------------------------------------
[debug] [2021-12-03T13:06:49.254Z] Command:       C:\Program Files\nodejs\node.exe C:\Users\adehu\AppData\Roaming\npm\node_modules\firebase-tools\lib\bin\firebase.js emulators:start --only functions
[debug] [2021-12-03T13:06:49.254Z] CLI Version:   9.23.0
[debug] [2021-12-03T13:06:49.254Z] Platform:      win32
[debug] [2021-12-03T13:06:49.254Z] Node Version:  v16.13.0
[debug] [2021-12-03T13:06:49.255Z] Time:          Fri Dec 03 2021 20:06:49 GMT+0700 (Indochina Time)
[debug] [2021-12-03T13:06:49.255Z] ----------------------------------------------------------------------
[debug] 
[debug] [2021-12-03T13:06:49.293Z] > command requires scopes: ["email","openid","https://www.googleapis.com/auth/cloudplatformprojects.readonly","https://www.googleapis.com/auth/firebase","https://www.googleapis.com/auth/cloud-platform"]
[debug] [2021-12-03T13:06:49.293Z] > authorizing via signed-in user (adehusni37@gmail.com)
[info] i  emulators: Starting emulators: functions {"metadata":{"emulator":{"name":"hub"},"message":"Starting emulators: functions"}}
[debug] [2021-12-03T13:06:49.307Z] [hub] writing locator at C:\Users\adehu\AppData\Local\Temp\hub-mealstogo-f5d61.json
[warn] !  functions: The following emulators are not running, calls to these services from the Functions emulator will affect production: auth, firestore, database, hosting, pubsub, storage {"metadata":{"emulator":{"name":"functions"},"message":"The following emulators are not running, calls to these services from the Functions emulator will affect production: \u001b[1mauth, firestore, database, hosting, pubsub, storage\u001b[22m"}}
[info] +  functions: Using node@16 from host. {"metadata":{"emulator":{"name":"functions"},"message":"Using node@16 from host."}}
[debug] [2021-12-03T13:06:49.334Z] defaultcredentials: writing to file C:\Users\adehu\AppData\Roaming\firebase\adehusni37_gmail_com_application_default_credentials.json
[debug] [2021-12-03T13:06:49.336Z] Setting GAC to C:\Users\adehu\AppData\Roaming\firebase\adehusni37_gmail_com_application_default_credentials.json {"metadata":{"emulator":{"name":"functions"},"message":"Setting GAC to C:\\Users\\adehu\\AppData\\Roaming\\firebase\\adehusni37_gmail_com_application_default_credentials.json"}}
[debug] [2021-12-03T13:06:49.337Z] >>> [apiv2][query] GET https://firebase.googleapis.com/v1beta1/projects/mealstogo-f5d61/adminSdkConfig [none]
[debug] [2021-12-03T13:06:49.699Z] <<< [apiv2][status] GET https://firebase.googleapis.com/v1beta1/projects/mealstogo-f5d61/adminSdkConfig 200
[debug] [2021-12-03T13:06:49.699Z] <<< [apiv2][body] GET https://firebase.googleapis.com/v1beta1/projects/mealstogo-f5d61/adminSdkConfig {"projectId":"mealstogo-f5d61","storageBucket":"mealstogo-f5d61.appspot.com"}
[debug] [2021-12-03T13:06:49.709Z] Ignoring unsupported arg: auto_download {"metadata":{"emulator":{"name":"ui"},"message":"Ignoring unsupported arg: auto_download"}}
[debug] [2021-12-03T13:06:49.709Z] Ignoring unsupported arg: port {"metadata":{"emulator":{"name":"ui"},"message":"Ignoring unsupported arg: port"}}
[debug] [2021-12-03T13:06:49.709Z] Starting Emulator UI with command {"binary":"node","args":["C:\\Users\\adehu\\.cache\\firebase\\emulators\\ui-v1.6.4\\server.bundle.js"],"optionalArgs":[],"joinArgs":false} {"metadata":{"emulator":{"name":"ui"},"message":"Starting Emulator UI with command {\"binary\":\"node\",\"args\":[\"C:\\\\Users\\\\adehu\\\\.cache\\\\firebase\\\\emulators\\\\ui-v1.6.4\\\\server.bundle.js\"],\"optionalArgs\":[],\"joinArgs\":false}"}}
[info] i  ui: Emulator UI logging to ui-debug.log {"metadata":{"emulator":{"name":"ui"},"message":"Emulator UI logging to \u001b[1mui-debug.log\u001b[22m"}}
[debug] [2021-12-03T13:06:49.782Z] Web / API server started at localhost:4000
 {"metadata":{"emulator":{"name":"ui"},"message":"Web / API server started at localhost:4000\n"}}
[info] i  functions: Watching "B:\Kuliah Tapi Ngoding\React\native\MealsToGojek\functions" for Cloud Functions... {"metadata":{"emulator":{"name":"functions"},"message":"Watching \"B:\\Kuliah Tapi Ngoding\\React\\native\\MealsToGojek\\functions\" for Cloud Functions..."}}
[debug] [2021-12-03T13:06:49.983Z] [worker-pool] addWorker(~diagnostic~) {"metadata":{"emulator":{"name":"functions"},"message":"[worker-pool] addWorker(~diagnostic~)"}}
[debug] [2021-12-03T13:06:49.983Z] [worker-pool] Adding worker with key ~diagnostic~, total=1 {"metadata":{"emulator":{"name":"functions"},"message":"[worker-pool] Adding worker with key ~diagnostic~, total=1"}}
[debug] [2021-12-03T13:06:49.983Z] [worker-pool] submitWork(triggerId=) {"metadata":{"emulator":{"name":"functions"},"message":"[worker-pool] submitWork(triggerId=)"}}
[debug] [2021-12-03T13:06:49.984Z] [worker-~diagnostic~-26c1b30d-cc79-4eea-aa57-a0a8c3b2ec20]: Assigning socketPath: \\?\pipe\B:\Kuliah Tapi Ngoding\React\native\MealsToGojek\functions\16408 {"metadata":{"emulator":{"name":"functions"},"message":"[worker-~diagnostic~-26c1b30d-cc79-4eea-aa57-a0a8c3b2ec20]: Assigning socketPath: \\\\?\\pipe\\B:\\Kuliah Tapi Ngoding\\React\\native\\MealsToGojek\\functions\\16408"}}
[debug] [2021-12-03T13:06:49.984Z] [worker-~diagnostic~-26c1b30d-cc79-4eea-aa57-a0a8c3b2ec20]: BUSY {"metadata":{"emulator":{"name":"functions"},"message":"[worker-~diagnostic~-26c1b30d-cc79-4eea-aa57-a0a8c3b2ec20]: BUSY"}}
[debug] [2021-12-03T13:06:50.106Z] [runtime-status] [16408] Functions runtime initialized. {"cwd":"B:\\Kuliah Tapi Ngoding\\React\\native\\MealsToGojek\\functions","node_version":"16.13.0"} {"metadata":{"emulator":{"name":"functions"},"message":"[runtime-status] [16408] Functions runtime initialized. {\"cwd\":\"B:\\\\Kuliah Tapi Ngoding\\\\React\\\\native\\\\MealsToGojek\\\\functions\",\"node_version\":\"16.13.0\"}"}}
[debug] [2021-12-03T13:06:50.106Z] [runtime-status] [16408] Disabled runtime features: undefined {"metadata":{"emulator":{"name":"functions"},"message":"[runtime-status] [16408] Disabled runtime features: undefined"}}
[debug] [2021-12-03T13:06:50.108Z] [runtime-status] [16408] Resolved module firebase-admin {"declared":true,"installed":true,"version":"9.12.0","resolution":"B:\\Kuliah Tapi Ngoding\\React\\native\\MealsToGojek\\functions\\node_modules\\firebase-admin\\lib\\index.js"} {"metadata":{"emulator":{"name":"functions"},"message":"[runtime-status] [16408] Resolved module firebase-admin {\"declared\":true,\"installed\":true,\"version\":\"9.12.0\",\"resolution\":\"B:\\\\Kuliah Tapi Ngoding\\\\React\\\\native\\\\MealsToGojek\\\\functions\\\\node_modules\\\\firebase-admin\\\\lib\\\\index.js\"}"}}
[debug] [2021-12-03T13:06:50.110Z] [runtime-status] [16408] Resolved module firebase-functions {"declared":true,"installed":true,"version":"3.16.0","resolution":"B:\\Kuliah Tapi Ngoding\\React\\native\\MealsToGojek\\functions\\node_modules\\firebase-functions\\lib\\index.js"} {"metadata":{"emulator":{"name":"functions"},"message":"[runtime-status] [16408] Resolved module firebase-functions {\"declared\":true,\"installed\":true,\"version\":\"3.16.0\",\"resolution\":\"B:\\\\Kuliah Tapi Ngoding\\\\React\\\\native\\\\MealsToGojek\\\\functions\\\\node_modules\\\\firebase-functions\\\\lib\\\\index.js\"}"}}
[debug] [2021-12-03T13:06:50.111Z] [runtime-status] [16408] Outgoing network have been stubbed. [{"name":"http","status":"mocked"},{"name":"http","status":"mocked"},{"name":"https","status":"mocked"},{"name":"https","status":"mocked"},{"name":"net","status":"mocked"}] {"metadata":{"emulator":{"name":"functions"},"message":"[runtime-status] [16408] Outgoing network have been stubbed. [{\"name\":\"http\",\"status\":\"mocked\"},{\"name\":\"http\",\"status\":\"mocked\"},{\"name\":\"https\",\"status\":\"mocked\"},{\"name\":\"https\",\"status\":\"mocked\"},{\"name\":\"net\",\"status\":\"mocked\"}]"}}
[debug] [2021-12-03T13:06:50.112Z] [runtime-status] [16408] Resolved module firebase-functions {"declared":true,"installed":true,"version":"3.16.0","resolution":"B:\\Kuliah Tapi Ngoding\\React\\native\\MealsToGojek\\functions\\node_modules\\firebase-functions\\lib\\index.js"} {"metadata":{"emulator":{"name":"functions"},"message":"[runtime-status] [16408] Resolved module firebase-functions {\"declared\":true,\"installed\":true,\"version\":\"3.16.0\",\"resolution\":\"B:\\\\Kuliah Tapi Ngoding\\\\React\\\\native\\\\MealsToGojek\\\\functions\\\\node_modules\\\\firebase-functions\\\\lib\\\\index.js\"}"}}
[debug] [2021-12-03T13:06:50.142Z] [runtime-status] [16408] Checked functions.config() {"config":{}} {"metadata":{"emulator":{"name":"functions"},"message":"[runtime-status] [16408] Checked functions.config() {\"config\":{}}"}}
[debug] [2021-12-03T13:06:50.142Z] [runtime-status] [16408] firebase-functions has been stubbed. {"functionsResolution":{"declared":true,"installed":true,"version":"3.16.0","resolution":"B:\\Kuliah Tapi Ngoding\\React\\native\\MealsToGojek\\functions\\node_modules\\firebase-functions\\lib\\index.js"}} {"metadata":{"emulator":{"name":"functions"},"message":"[runtime-status] [16408] firebase-functions has been stubbed. {\"functionsResolution\":{\"declared\":true,\"installed\":true,\"version\":\"3.16.0\",\"resolution\":\"B:\\\\Kuliah Tapi Ngoding\\\\React\\\\native\\\\MealsToGojek\\\\functions\\\\node_modules\\\\firebase-functions\\\\lib\\\\index.js\"}}"}}
[debug] [2021-12-03T13:06:50.143Z] [runtime-status] [16408] Resolved module firebase-functions {"declared":true,"installed":true,"version":"3.16.0","resolution":"B:\\Kuliah Tapi Ngoding\\React\\native\\MealsToGojek\\functions\\node_modules\\firebase-functions\\lib\\index.js"} {"metadata":{"emulator":{"name":"functions"},"message":"[runtime-status] [16408] Resolved module firebase-functions {\"declared\":true,\"installed\":true,\"version\":\"3.16.0\",\"resolution\":\"B:\\\\Kuliah Tapi Ngoding\\\\React\\\\native\\\\MealsToGojek\\\\functions\\\\node_modules\\\\firebase-functions\\\\lib\\\\index.js\"}"}}
[debug] [2021-12-03T13:06:50.144Z] [runtime-status] [16408] Resolved module firebase-admin {"declared":true,"installed":true,"version":"9.12.0","resolution":"B:\\Kuliah Tapi Ngoding\\React\\native\\MealsToGojek\\functions\\node_modules\\firebase-admin\\lib\\index.js"} {"metadata":{"emulator":{"name":"functions"},"message":"[runtime-status] [16408] Resolved module firebase-admin {\"declared\":true,\"installed\":true,\"version\":\"9.12.0\",\"resolution\":\"B:\\\\Kuliah Tapi Ngoding\\\\React\\\\native\\\\MealsToGojek\\\\functions\\\\node_modules\\\\firebase-admin\\\\lib\\\\index.js\"}"}}
[debug] [2021-12-03T13:06:50.144Z] [runtime-status] [16408] Resolved module firebase-functions {"declared":true,"installed":true,"version":"3.16.0","resolution":"B:\\Kuliah Tapi Ngoding\\React\\native\\MealsToGojek\\functions\\node_modules\\firebase-functions\\lib\\index.js"} {"metadata":{"emulator":{"name":"functions"},"message":"[runtime-status] [16408] Resolved module firebase-functions {\"declared\":true,\"installed\":true,\"version\":\"3.16.0\",\"resolution\":\"B:\\\\Kuliah Tapi Ngoding\\\\React\\\\native\\\\MealsToGojek\\\\functions\\\\node_modules\\\\firebase-functions\\\\lib\\\\index.js\"}"}}
[debug] [2021-12-03T13:06:50.145Z] [runtime-status] [16408] firebase-admin has been stubbed. {"adminResolution":{"declared":true,"installed":true,"version":"9.12.0","resolution":"B:\\Kuliah Tapi Ngoding\\React\\native\\MealsToGojek\\functions\\node_modules\\firebase-admin\\lib\\index.js"}} {"metadata":{"emulator":{"name":"functions"},"message":"[runtime-status] [16408] firebase-admin has been stubbed. {\"adminResolution\":{\"declared\":true,\"installed\":true,\"version\":\"9.12.0\",\"resolution\":\"B:\\\\Kuliah Tapi Ngoding\\\\React\\\\native\\\\MealsToGojek\\\\functions\\\\node_modules\\\\firebase-admin\\\\lib\\\\index.js\"}}"}}
[info] +  functions[us-central1-geoCode]: http function initialized (http://localhost:5001/mealstogo-f5d61/us-central1/geoCode). {"metadata":{"emulator":{"name":"functions"},"message":"\u001b[1mhttp\u001b[22m function initialized (http://localhost:5001/mealstogo-f5d61/us-central1/geoCode)."}}
[info] +  functions[us-central1-placesNearby]: http function initialized (http://localhost:5001/mealstogo-f5d61/us-central1/placesNearby). {"metadata":{"emulator":{"name":"functions"},"message":"\u001b[1mhttp\u001b[22m function initialized (http://localhost:5001/mealstogo-f5d61/us-central1/placesNearby)."}}
[info] 
┌─────────────────────────────────────────────────────────────┐
│ ✔  All emulators ready! It is now safe to connect your app. │
│ i  View Emulator UI at http://localhost:4000                │
└─────────────────────────────────────────────────────────────┘

┌───────────┬────────────────┬─────────────────────────────────┐
│ Emulator  │ Host:Port      │ View in Emulator UI             │
├───────────┼────────────────┼─────────────────────────────────┤
│ Functions │ localhost:5001 │ http://localhost:4000/functions │
└───────────┴────────────────┴─────────────────────────────────┘
  Emulator Hub running at localhost:4400
  Other reserved ports: 4500

Issues? Report them at https://github.com/firebase/firebase-tools/issues and attach the *-debug.log files.
 
[debug] [2021-12-03T13:06:50.153Z] [worker-~diagnostic~-26c1b30d-cc79-4eea-aa57-a0a8c3b2ec20]: IDLE {"metadata":{"emulator":{"name":"functions"},"message":"[worker-~diagnostic~-26c1b30d-cc79-4eea-aa57-a0a8c3b2ec20]: IDLE"}}
